Using pre-set license
Built from '2021.3/staging' branch; Version is '2021.3.21f1 (1b156197d683) revision 1774945'; Using compiler version '192829333'; Build Type 'Release'
OS: 'Windows 11  (10.0.22621) 64bit Core' Language: 'ko' Physical Memory: 16057 MB
BatchMode: 1, IsHumanControllingUs: 0, StartBugReporterOnCrash: 0, Is64bit: 1, IsPro: 1

COMMAND LINE ARGUMENTS:
C:\Program Files\Unity\Hub\Editor\2021.3.21f1\Editor\Unity.exe
-adb2
-batchMode
-noUpm
-name
AssetImportWorker0
-projectPath
C:/Users/janet/BeHarryPotter/BeHarryPotter
-logFile
Logs/AssetImportWorker0.log
-srvPort
56662
Successfully changed project path to: C:/Users/janet/BeHarryPotter/BeHarryPotter
C:/Users/janet/BeHarryPotter/BeHarryPotter
[UnityMemory] Configuration Parameters - Can be set up in boot.config
    "memorysetup-bucket-allocator-granularity=16"
    "memorysetup-bucket-allocator-bucket-count=8"
    "memorysetup-bucket-allocator-block-size=33554432"
    "memorysetup-bucket-allocator-block-count=8"
    "memorysetup-main-allocator-block-size=16777216"
    "memorysetup-thread-allocator-block-size=16777216"
    "memorysetup-gfx-main-allocator-block-size=16777216"
    "memorysetup-gfx-thread-allocator-block-size=16777216"
    "memorysetup-cache-allocator-block-size=4194304"
    "memorysetup-typetree-allocator-block-size=2097152"
    "memorysetup-profiler-bucket-allocator-granularity=16"
    "memorysetup-profiler-bucket-allocator-bucket-count=8"
    "memorysetup-profiler-bucket-allocator-block-size=33554432"
    "memorysetup-profiler-bucket-allocator-block-count=8"
    "memorysetup-profiler-allocator-block-size=16777216"
    "memorysetup-profiler-editor-allocator-block-size=1048576"
    "memorysetup-temp-allocator-size-main=16777216"
    "memorysetup-job-temp-allocator-block-size=2097152"
    "memorysetup-job-temp-allocator-block-size-background=1048576"
    "memorysetup-job-temp-allocator-reduction-small-platforms=262144"
    "memorysetup-temp-allocator-size-background-worker=32768"
    "memorysetup-temp-allocator-size-job-worker=262144"
    "memorysetup-temp-allocator-size-preload-manager=33554432"
    "memorysetup-temp-allocator-size-nav-mesh-worker=65536"
    "memorysetup-temp-allocator-size-audio-worker=65536"
    "memorysetup-temp-allocator-size-cloud-worker=32768"
    "memorysetup-temp-allocator-size-gi-baking-worker=262144"
    "memorysetup-temp-allocator-size-gfx=262144"
Player connection [7456] Host "[IP] 192.168.56.1 [Port] 0 [Flags] 2 [Guid] 2183119300 [EditorId] 2183119300 [Version] 1048832 [Id] WindowsEditor(7,Samomile_vap_cm) [Debug] 1 [PackageName] WindowsEditor [ProjectName] Editor" joined multi-casting on [225.0.0.222:54997]...

Player connection [7456] Host "[IP] 192.168.56.1 [Port] 0 [Flags] 2 [Guid] 2183119300 [EditorId] 2183119300 [Version] 1048832 [Id] WindowsEditor(7,Samomile_vap_cm) [Debug] 1 [PackageName] WindowsEditor [ProjectName] Editor" joined alternative multi-casting on [225.0.0.222:34997]...

Refreshing native plugins compatible for Editor in 164.36 ms, found 9 plugins.
Preloading 1 native plugins for Editor in 0.98 ms.
Initialize engine version: 2021.3.21f1 (1b156197d683)
[Subsystems] Discovering subsystems at path C:/Program Files/Unity/Hub/Editor/2021.3.21f1/Editor/Data/Resources/UnitySubsystems
[Subsystems] Discovering subsystems at path C:/Users/janet/BeHarryPotter/BeHarryPotter/Assets
GfxDevice: creating device client; threaded=0; jobified=0
Direct3D:
    Version:  Direct3D 11.0 [level 11.1]
    Renderer: NVIDIA GeForce MX450 (ID=0x1f97)
    Vendor:   NVIDIA
    VRAM:     1928 MB
    Driver:   27.21.14.5256
Shader 'Oculus/OVRMRCameraFrameLit': fallback shader 'Alpha-Diffuse' not found
Initialize mono
Mono path[0] = 'C:/Program Files/Unity/Hub/Editor/2021.3.21f1/Editor/Data/Managed'
Mono path[1] = 'C:/Program Files/Unity/Hub/Editor/2021.3.21f1/Editor/Data/MonoBleedingEdge/lib/mono/unityjit-win32'
Mono config path = 'C:/Program Files/Unity/Hub/Editor/2021.3.21f1/Editor/Data/MonoBleedingEdge/etc'
Using monoOptions --debugger-agent=transport=dt_socket,embedding=1,server=y,suspend=n,address=127.0.0.1:56020
Begin MonoManager ReloadAssembly
Registering precompiled unity dll's ...
Register platform support module: C:/Program Files/Unity/Hub/Editor/2021.3.21f1/Editor/Data/PlaybackEngines/AndroidPlayer/UnityEditor.Android.Extensions.dll
Register platform support module: C:/Program Files/Unity/Hub/Editor/2021.3.21f1/Editor/Data/PlaybackEngines/WindowsStandaloneSupport/UnityEditor.WindowsStandalone.Extensions.dll
Register platform support module: C:/Program Files/Unity/Hub/Editor/2021.3.21f1/Editor/Data/PlaybackEngines/MetroSupport/UnityEditor.UWP.Extensions.dll
Registered in 0.024295 seconds.
Native extension for UWP target not found
Native extension for WindowsStandalone target not found
Native extension for Android target not found
Android Extension - Scanning For ADB Devices 2362 ms
Refreshing native plugins compatible for Editor in 143.77 ms, found 9 plugins.
Preloading 1 native plugins for Editor in 0.14 ms.
Mono: successfully reloaded assembly
- Completed reload, in  3.197 seconds
Domain Reload Profiling:
	ReloadAssembly (3198ms)
		BeginReloadAssembly (126ms)
			ExecutionOrderSort (0ms)
			DisableScriptedObjects (0ms)
			BackupInstance (0ms)
			ReleaseScriptingObjects (0ms)
			CreateAndSetChildDomain (1ms)
		EndReloadAssembly (2929ms)
			LoadAssemblies (123ms)
			RebuildTransferFunctionScriptingTraits (0ms)
			SetupTypeCache (118ms)
			ReleaseScriptCaches (0ms)
			RebuildScriptCaches (26ms)
			SetupLoadedEditorAssemblies (2711ms)
				LogAssemblyErrors (0ms)
				InitializePlatformSupportModulesInManaged (2436ms)
				SetLoadedEditorAssemblies (0ms)
				RefreshPlugins (144ms)
				BeforeProcessingInitializeOnLoad (1ms)
				ProcessInitializeOnLoadAttributes (84ms)
				ProcessInitializeOnLoadMethodAttributes (46ms)
				AfterProcessingInitializeOnLoad (0ms)
				EditorAssembliesLoaded (0ms)
			ExecutionOrderSort2 (0ms)
			AwakeInstancesAfterBackupRestoration (0ms)
Platform modules already initialized, skipping
Registering precompiled user dll's ...
Registered in 0.014240 seconds.
Begin MonoManager ReloadAssembly
Symbol file LoadedFromMemory doesn't match image C:\Users\janet\BeHarryPotter\BeHarryPotter\Library\PackageCache\com.unity.visualscripting@1.8.0\Editor\VisualScripting.Core\Dependencies\DotNetZip\Unity.VisualScripting.IonicZip.dll
Symbol file LoadedFromMemory doesn't match image C:\Users\janet\BeHarryPotter\BeHarryPotter\Library\PackageCache\com.unity.visualscripting@1.8.0\Editor\VisualScripting.Core\Dependencies\YamlDotNet\Unity.VisualScripting.YamlDotNet.dll
Native extension for UWP target not found
Native extension for WindowsStandalone target not found
Native extension for Android target not found
Refreshing native plugins compatible for Editor in 1.20 ms, found 9 plugins.
Preloading 1 native plugins for Editor in 0.19 ms.
Package Manager log level set to [2]
[XR] OculusXRPlugin: registering subsystems
[XR] Unable to register display lifecyle provider: [1]
[XR] Oculus Input lifecycle provider registered.
[XR] Unable to register input lifecyle provider: [1]
[XR] OVRP version 1.83.0
Mono: successfully reloaded assembly
- Completed reload, in  1.501 seconds
Domain Reload Profiling:
	ReloadAssembly (1502ms)
		BeginReloadAssembly (160ms)
			ExecutionOrderSort (0ms)
			DisableScriptedObjects (5ms)
			BackupInstance (0ms)
			ReleaseScriptingObjects (0ms)
			CreateAndSetChildDomain (19ms)
		EndReloadAssembly (1201ms)
			LoadAssemblies (184ms)
			RebuildTransferFunctionScriptingTraits (0ms)
			SetupTypeCache (319ms)
			ReleaseScriptCaches (1ms)
			RebuildScriptCaches (70ms)
			SetupLoadedEditorAssemblies (613ms)
				LogAssemblyErrors (0ms)
				InitializePlatformSupportModulesInManaged (28ms)
				SetLoadedEditorAssemblies (1ms)
				RefreshPlugins (1ms)
				BeforeProcessingInitializeOnLoad (126ms)
				ProcessInitializeOnLoadAttributes (414ms)
				ProcessInitializeOnLoadMethodAttributes (24ms)
				AfterProcessingInitializeOnLoad (18ms)
				EditorAssembliesLoaded (0ms)
			ExecutionOrderSort2 (0ms)
			AwakeInstancesAfterBackupRestoration (12ms)
Platform modules already initialized, skipping
========================================================================
Worker process is ready to serve import requests
Shader 'Oculus/OVRMRCameraFrameLit': fallback shader 'Alpha-Diffuse' not found
Launched and connected shader compiler UnityShaderCompiler.exe after 0.07 seconds
Refreshing native plugins compatible for Editor in 1.00 ms, found 9 plugins.
Preloading 1 native plugins for Editor in 0.10 ms.
Unloading 4821 Unused Serialized files (Serialized files now loaded: 0)
Unloading 116 unused Assets / (4.1 MB). Loaded Objects now: 5217.
Memory consumption went from 193.1 MB to 188.9 MB.
Total: 4.396900 ms (FindLiveObjects: 0.330500 ms CreateObjectMapping: 0.158200 ms MarkObjects: 2.215100 ms  DeleteObjects: 1.692100 ms)

AssetImportParameters requested are different than current active one (requested -> active):
  custom:video-decoder-ogg-theora: a1e56fd34408186e4bbccfd4996cb3dc -> 
  custom:container-muxer-webm: aa71ff27fc2769a1b78a27578f13a17b -> 
  custom:container-demuxer-webm: 4f35f7cbe854078d1ac9338744f61a02 -> 
  custom:video-encoder-webm-vp8: eb34c28f22e8b96e1ab97ce403110664 -> 
  custom:video-codec-MediaFoundation-h265: 746d11721c4dcdbdad8f713fa42b33f4 -> 
  custom:audio-encoder-webm-vorbis: bf7c407c2cedff20999df2af8eb42d56 -> 
  custom:framework-win-MediaFoundation: 216162199b28c13a410421893ffa2e32 -> 
  custom:container-demuxer-ogg: 62fdf1f143b41e24485cea50d1cbac27 -> 
  custom:video-decoder-webm-vp8: 9c59270c3fd7afecdb556c50c9e8de78 -> 
  custom:audio-decoder-ogg-vorbis: bf7c407c2cedff20999df2af8eb42d56 -> 
========================================================================
Received Import Request.
  Time since last request: 168138.501703 seconds.
  path: Assets/Bhaptics
  artifactKey: Guid(4eec5c721c63d8049a8b5c487d821348) Importer(815301076,1909f56bfc062723c751e8b465ee728b)
Start importing Assets/Bhaptics using Guid(4eec5c721c63d8049a8b5c487d821348) Importer(815301076,1909f56bfc062723c751e8b465ee728b)  -> (artifact id: '3537199cdf19af892e2de5ff14492b1b') in 0.010797 seconds 
========================================================================
Received Import Request.
  Time since last request: 0.000033 seconds.
  path: Assets/Bhaptics/SDK2/Prefabs/[bhaptics].prefab
  artifactKey: Guid(2129561fd5ef2284086f81f4eb432d8f) Importer(815301076,1909f56bfc062723c751e8b465ee728b)
Start importing Assets/Bhaptics/SDK2/Prefabs/[bhaptics].prefab using Guid(2129561fd5ef2284086f81f4eb432d8f) Importer(815301076,1909f56bfc062723c751e8b465ee728b)  -> (artifact id: 'a4f8b83feeb8161f78681abd5a1795a7') in 0.058303 seconds 
========================================================================
Received Import Request.
  Time since last request: 0.000022 seconds.
  path: Assets/Bhaptics/SDK2
  artifactKey: Guid(2bfacb6b073aedb4c9fe858f12bbc60a) Importer(815301076,1909f56bfc062723c751e8b465ee728b)
Start importing Assets/Bhaptics/SDK2 using Guid(2bfacb6b073aedb4c9fe858f12bbc60a) Importer(815301076,1909f56bfc062723c751e8b465ee728b)  -> (artifact id: '4209b675d839026983305941b030ed2b') in 0.004781 seconds 
========================================================================
Received Import Request.
  Time since last request: 0.000034 seconds.
  path: Assets/Bhaptics/SDK2/Prefabs
  artifactKey: Guid(65fb875a20768a04dacbf1a5375bb861) Importer(815301076,1909f56bfc062723c751e8b465ee728b)
Start importing Assets/Bhaptics/SDK2/Prefabs using Guid(65fb875a20768a04dacbf1a5375bb861) Importer(815301076,1909f56bfc062723c751e8b465ee728b)  -> (artifact id: '6bcb121fa15d9b5f5c98621930b35900') in 0.003964 seconds 
========================================================================
Received Prepare
Registering precompiled user dll's ...
Registered in 0.017226 seconds.
Begin MonoManager ReloadAssembly
Symbol file LoadedFromMemory doesn't match image C:\Users\janet\BeHarryPotter\BeHarryPotter\Library\PackageCache\com.unity.visualscripting@1.8.0\Editor\VisualScripting.Core\Dependencies\DotNetZip\Unity.VisualScripting.IonicZip.dll
Symbol file LoadedFromMemory doesn't match image C:\Users\janet\BeHarryPotter\BeHarryPotter\Library\PackageCache\com.unity.visualscripting@1.8.0\Editor\VisualScripting.Core\Dependencies\YamlDotNet\Unity.VisualScripting.YamlDotNet.dll
Native extension for UWP target not found
Native extension for WindowsStandalone target not found
Native extension for Android target not found
Refreshing native plugins compatible for Editor in 1.78 ms, found 9 plugins.
Preloading 1 native plugins for Editor in 0.16 ms.
[Package Manager] Server::EnsureServerProcessIsRunning -- launch failed, reason: Unity was launched with the -noUpm command-line argument
[Package Manager] Cannot connect to Unity Package Manager local server
[Package Manager] Server::EnsureServerProcessIsRunning -- launch failed, reason: Unity was launched with the -noUpm command-line argument
[Package Manager] Cannot connect to Unity Package Manager local server
[Package Manager] Server::EnsureServerProcessIsRunning -- launch failed, reason: Unity was launched with the -noUpm command-line argument
[Package Manager] Cannot connect to Unity Package Manager local server
[Package Manager] Server::EnsureServerProcessIsRunning -- launch failed, reason: Unity was launched with the -noUpm command-line argument
[Package Manager] Cannot connect to Unity Package Manager local server
Mono: successfully reloaded assembly
- Completed reload, in  1.262 seconds
Domain Reload Profiling:
	ReloadAssembly (1262ms)
		BeginReloadAssembly (194ms)
			ExecutionOrderSort (0ms)
			DisableScriptedObjects (4ms)
			BackupInstance (0ms)
			ReleaseScriptingObjects (0ms)
			CreateAndSetChildDomain (44ms)
		EndReloadAssembly (946ms)
			LoadAssemblies (168ms)
			RebuildTransferFunctionScriptingTraits (0ms)
			SetupTypeCache (284ms)
			ReleaseScriptCaches (1ms)
			RebuildScriptCaches (48ms)
			SetupLoadedEditorAssemblies (426ms)
				LogAssemblyErrors (0ms)
				InitializePlatformSupportModulesInManaged (27ms)
				SetLoadedEditorAssemblies (0ms)
				RefreshPlugins (2ms)
				BeforeProcessingInitializeOnLoad (103ms)
				ProcessInitializeOnLoadAttributes (259ms)
				ProcessInitializeOnLoadMethodAttributes (19ms)
				AfterProcessingInitializeOnLoad (16ms)
				EditorAssembliesLoaded (0ms)
			ExecutionOrderSort2 (0ms)
			AwakeInstancesAfterBackupRestoration (14ms)
Platform modules already initialized, skipping
Shader 'Oculus/OVRMRCameraFrameLit': fallback shader 'Alpha-Diffuse' not found
Refreshing native plugins compatible for Editor in 8.73 ms, found 9 plugins.
Preloading 1 native plugins for Editor in 0.09 ms.
Unloading 4771 Unused Serialized files (Serialized files now loaded: 0)
Unloading 108 unused Assets / (4.1 MB). Loaded Objects now: 5222.
Memory consumption went from 189.5 MB to 185.4 MB.
Total: 6.439200 ms (FindLiveObjects: 0.275600 ms CreateObjectMapping: 0.147300 ms MarkObjects: 3.486800 ms  DeleteObjects: 2.528200 ms)

AssetImportParameters requested are different than current active one (requested -> active):
  custom:video-decoder-ogg-theora: a1e56fd34408186e4bbccfd4996cb3dc -> 
  custom:container-muxer-webm: aa71ff27fc2769a1b78a27578f13a17b -> 
  custom:container-demuxer-webm: 4f35f7cbe854078d1ac9338744f61a02 -> 
  custom:video-encoder-webm-vp8: eb34c28f22e8b96e1ab97ce403110664 -> 
  custom:video-codec-MediaFoundation-h265: 746d11721c4dcdbdad8f713fa42b33f4 -> 
  custom:audio-encoder-webm-vorbis: bf7c407c2cedff20999df2af8eb42d56 -> 
  custom:framework-win-MediaFoundation: 216162199b28c13a410421893ffa2e32 -> 
  custom:container-demuxer-ogg: 62fdf1f143b41e24485cea50d1cbac27 -> 
  custom:video-decoder-webm-vp8: 9c59270c3fd7afecdb556c50c9e8de78 -> 
  custom:audio-decoder-ogg-vorbis: bf7c407c2cedff20999df2af8eb42d56 -> 
========================================================================
Received Import Request.
  Time since last request: 1958.533942 seconds.
  path: Assets/Bhaptics/README.pdf
  artifactKey: Guid(e0e89a01888e5b5459057c5ad697c687) Importer(815301076,1909f56bfc062723c751e8b465ee728b)
Start importing Assets/Bhaptics/README.pdf using Guid(e0e89a01888e5b5459057c5ad697c687) Importer(815301076,1909f56bfc062723c751e8b465ee728b)  -> (artifact id: '310c8bdeba74b693d33a46c4bb9df766') in 0.032829 seconds 
========================================================================
Received Import Request.
  Time since last request: 13.861588 seconds.
  path: Assets/Bhaptics/SDK2/Images
  artifactKey: Guid(cad22feae96f13649905adcdaad84b1f) Importer(815301076,1909f56bfc062723c751e8b465ee728b)
Start importing Assets/Bhaptics/SDK2/Images using Guid(cad22feae96f13649905adcdaad84b1f) Importer(815301076,1909f56bfc062723c751e8b465ee728b)  -> (artifact id: '141e7139ae523dba9ffa59dec6ff6bbf') in 0.004823 seconds 
========================================================================
Received Import Request.
  Time since last request: 1.879636 seconds.
  path: Assets/Bhaptics/SDK2/Images/bHapticsAndroidDeviceUI
  artifactKey: Guid(60a685223e365964299de2297393da9b) Importer(815301076,1909f56bfc062723c751e8b465ee728b)
Start importing Assets/Bhaptics/SDK2/Images/bHapticsAndroidDeviceUI using Guid(60a685223e365964299de2297393da9b) Importer(815301076,1909f56bfc062723c751e8b465ee728b)  -> (artifact id: '0b381f84fe38da719a56b3867ebcab70') in 0.004302 seconds 
========================================================================
Received Import Request.
  Time since last request: 1.237643 seconds.
  path: Assets/Bhaptics/SDK2/Images/bHapticsAndroidDeviceUI/icon-battery-state-style-1.png
  artifactKey: Guid(0a4965c932593d4409967834524e227b) Importer(815301076,1909f56bfc062723c751e8b465ee728b)
Start importing Assets/Bhaptics/SDK2/Images/bHapticsAndroidDeviceUI/icon-battery-state-style-1.png using Guid(0a4965c932593d4409967834524e227b) Importer(815301076,1909f56bfc062723c751e8b465ee728b)  -> (artifact id: '0c484172268c2d17c86d4f063e3bfa95') in 0.138374 seconds 
========================================================================
Received Import Request.
  Time since last request: 0.427358 seconds.
  path: Assets/Bhaptics/SDK2/Images/bHapticsAndroidDeviceUI/icon-product-arms-disable.png
  artifactKey: Guid(e6fc13bd18edced41b84cbb7b2fa6092) Importer(815301076,1909f56bfc062723c751e8b465ee728b)
Start importing Assets/Bhaptics/SDK2/Images/bHapticsAndroidDeviceUI/icon-product-arms-disable.png using Guid(e6fc13bd18edced41b84cbb7b2fa6092) Importer(815301076,1909f56bfc062723c751e8b465ee728b)  -> (artifact id: '518395f8b72ca2d2ff813b5e1f402165') in 0.020467 seconds 
========================================================================
Received Import Request.
  Time since last request: 8.172184 seconds.
  path: Assets/Bhaptics/SDK2/Examples
  artifactKey: Guid(c105e5f7d4d7b5641bae5648498f2103) Importer(815301076,1909f56bfc062723c751e8b465ee728b)
Start importing Assets/Bhaptics/SDK2/Examples using Guid(c105e5f7d4d7b5641bae5648498f2103) Importer(815301076,1909f56bfc062723c751e8b465ee728b)  -> (artifact id: 'c62021da1ce5871e3c6a84dfeb27a431') in 0.005188 seconds 
========================================================================
Received Import Request.
  Time since last request: 0.925432 seconds.
  path: Assets/Bhaptics/SDK2/Examples/Scenes
  artifactKey: Guid(946c74d62790bbb4aa75b874ce850d86) Importer(815301076,1909f56bfc062723c751e8b465ee728b)
Start importing Assets/Bhaptics/SDK2/Examples/Scenes using Guid(946c74d62790bbb4aa75b874ce850d86) Importer(815301076,1909f56bfc062723c751e8b465ee728b)  -> (artifact id: 'bc6668a763679d3b046ba24b5584b9db') in 0.004122 seconds 
========================================================================
Received Import Request.
  Time since last request: 0.704875 seconds.
  path: Assets/Bhaptics/SDK2/Examples/Scenes/PlayParamSample.unity
  artifactKey: Guid(dac40f39673e62a429f0ee33acdebfe3) Importer(815301076,1909f56bfc062723c751e8b465ee728b)
Start importing Assets/Bhaptics/SDK2/Examples/Scenes/PlayParamSample.unity using Guid(dac40f39673e62a429f0ee33acdebfe3) Importer(815301076,1909f56bfc062723c751e8b465ee728b)  -> (artifact id: '95c350e342b19436e33246f74bd8d2cb') in 0.004840 seconds 
========================================================================
Received Import Request.
  Time since last request: 162.721326 seconds.
  path: Assets/Animations
  artifactKey: Guid(71c619aa11de8854789741f93a753ed8) Importer(815301076,1909f56bfc062723c751e8b465ee728b)
Start importing Assets/Animations using Guid(71c619aa11de8854789741f93a753ed8) Importer(815301076,1909f56bfc062723c751e8b465ee728b)  -> (artifact id: 'e8e5186c7cb73127b038ccb68552ca1b') in 0.004400 seconds 
========================================================================
Received Import Request.
  Time since last request: 2.682637 seconds.
  path: Assets/Scenes/SampleScene.unity
  artifactKey: Guid(9fc0d4010bbf28b4594072e72b8655ab) Importer(815301076,1909f56bfc062723c751e8b465ee728b)
Start importing Assets/Scenes/SampleScene.unity using Guid(9fc0d4010bbf28b4594072e72b8655ab) Importer(815301076,1909f56bfc062723c751e8b465ee728b)  -> (artifact id: 'd4f32a645886fcd97a9fe9322991f448') in 0.003499 seconds 
